This is pdfTeX, Version 3.141592653-2.6-1.40.29 (TeX Live 2026/Termux) (preloaded format=pdflatex 2026.5.14)  21 MAY 2026 11:48
entering extended mode
 restricted \write18 enabled.
 %&-line parsing enabled.
**task1.tex
(./task1.tex
LaTeX2e <2025-11-01>
L3 programming layer <2026-03-20>

(/data/data/com.termux/files/usr/share/texlive/2026/texmf-dist/tex/latex/base/a
rticle.cls
Document Class: article 2025/01/22 v1.4n Standard LaTeX document class

(/data/data/com.termux/files/usr/share/texlive/2026/texmf-dist/tex/latex/base/s
ize12.clo
File: size12.clo 2025/01/22 v1.4n Standard LaTeX file (size option)
)
\c@part=\count275
\c@section=\count276
\c@subsection=\count277
\c@subsubsection=\count278
\c@paragraph=\count279
\c@subparagraph=\count280
\c@figure=\count281
\c@table=\count282
\abovecaptionskip=\skip49
\belowcaptionskip=\skip50
\bibindent=\dimen150
)
(/data/data/com.termux/files/usr/share/texlive/2026/texmf-dist/tex/latex/geomet
ry/geometry.sty
Package: geometry 2026/03/07 v6.0 Page Geometry

(/data/data/com.termux/files/usr/share/texlive/2026/texmf-dist/tex/latex/graphi
cs/keyval.sty
Package: keyval 2022/05/29 v1.15 key=value parser (DPC)
\KV@toks@=\toks17
)
(/data/data/com.termux/files/usr/share/texlive/2026/texmf-dist/tex/generic/ifte
x/ifvtex.sty
Package: ifvtex 2019/10/25 v1.7 ifvtex legacy package. Use iftex instead.

(/data/data/com.termux/files/usr/share/texlive/2026/texmf-dist/tex/generic/ifte
x/iftex.sty
Package: iftex 2024/12/12 v1.0g TeX engine tests
))
\Gm@cnth=\count283
\Gm@cntv=\count284
\c@Gm@tempcnt=\count285
\Gm@bindingoffset=\dimen151
\Gm@wd@mp=\dimen152
\Gm@odd@mp=\dimen153
\Gm@even@mp=\dimen154
\Gm@layoutwidth=\dimen155
\Gm@layoutheight=\dimen156
\Gm@layouthoffset=\dimen157
\Gm@layoutvoffset=\dimen158
\Gm@dimlist=\toks18
)
(/data/data/com.termux/files/usr/share/texlive/2026/texmf-dist/tex/latex/graphi
cs/graphicx.sty
Package: graphicx 2024/12/31 v1.2e Enhanced LaTeX Graphics (DPC,SPQR)

(/data/data/com.termux/files/usr/share/texlive/2026/texmf-dist/tex/latex/graphi
cs/graphics.sty
Package: graphics 2024/08/06 v1.4g Standard LaTeX Graphics (DPC,SPQR)

(/data/data/com.termux/files/usr/share/texlive/2026/texmf-dist/tex/latex/graphi
cs/trig.sty
Package: trig 2023/12/02 v1.11 sin cos tan (DPC)
)
(/data/data/com.termux/files/usr/share/texlive/2026/texmf-dist/tex/latex/graphi
cs-cfg/graphics.cfg
File: graphics.cfg 2016/06/04 v1.11 sample graphics configuration
)
Package graphics Info: Driver file: pdftex.def on input line 106.

(/data/data/com.termux/files/usr/share/texlive/2026/texmf-dist/tex/latex/graphi
cs-def/pdftex.def
File: pdftex.def 2025/09/29 v1.2d Graphics/color driver for pdftex
))
\Gin@req@height=\dimen159
\Gin@req@width=\dimen160
)
(/data/data/com.termux/files/usr/share/texlive/2026/texmf-dist/tex/latex/amsmat
h/amsmath.sty
Package: amsmath 2025/07/09 v2.17z AMS math features
\@mathmargin=\skip51

For additional information on amsmath, use the `?' option.

(/data/data/com.termux/files/usr/share/texlive/2026/texmf-dist/tex/latex/amsmat
h/amstext.sty
Package: amstext 2024/11/17 v2.01 AMS text

(/data/data/com.termux/files/usr/share/texlive/2026/texmf-dist/tex/latex/amsmat
h/amsgen.sty
File: amsgen.sty 1999/11/30 v2.0 generic functions
\@emptytoks=\toks19
\ex@=\dimen161
))
(/data/data/com.termux/files/usr/share/texlive/2026/texmf-dist/tex/latex/amsmat
h/amsbsy.sty
Package: amsbsy 1999/11/29 v1.2d Bold Symbols
\pmbraise@=\dimen162
)
(/data/data/com.termux/files/usr/share/texlive/2026/texmf-dist/tex/latex/amsmat
h/amsopn.sty
Package: amsopn 2022/04/08 v2.04 operator names
)
\inf@bad=\count286
LaTeX Info: Redefining \frac on input line 233.
\uproot@=\count287
\leftroot@=\count288
LaTeX Info: Redefining \overline on input line 398.
LaTeX Info: Redefining \colon on input line 409.
\classnum@=\count289
\DOTSCASE@=\count290
LaTeX Info: Redefining \ldots on input line 495.
LaTeX Info: Redefining \dots on input line 498.
LaTeX Info: Redefining \cdots on input line 619.
\Mathstrutbox@=\box53
\strutbox@=\box54
LaTeX Info: Redefining \big on input line 721.
LaTeX Info: Redefining \Big on input line 722.
LaTeX Info: Redefining \bigg on input line 723.
LaTeX Info: Redefining \Bigg on input line 724.
\big@size=\dimen163
LaTeX Font Info:    Redeclaring font encoding OML on input line 742.
LaTeX Font Info:    Redeclaring font encoding OMS on input line 743.
\macc@depth=\count291
LaTeX Info: Redefining \bmod on input line 904.
LaTeX Info: Redefining \pmod on input line 909.
LaTeX Info: Redefining \smash on input line 939.
LaTeX Info: Redefining \relbar on input line 969.
LaTeX Info: Redefining \Relbar on input line 970.
\c@MaxMatrixCols=\count292
\dotsspace@=\muskip17
\c@parentequation=\count293
\dspbrk@lvl=\count294
\tag@help=\toks20
\row@=\count295
\column@=\count296
\maxfields@=\count297
\andhelp@=\toks21
\eqnshift@=\dimen164
\alignsep@=\dimen165
\tagshift@=\dimen166
\tagwidth@=\dimen167
\totwidth@=\dimen168
\lineht@=\dimen169
\@envbody=\toks22
\multlinegap=\skip52
\multlinetaggap=\skip53
\mathdisplay@stack=\toks23
LaTeX Info: Redefining \[ on input line 2950.
LaTeX Info: Redefining \] on input line 2951.
)
(/data/data/com.termux/files/usr/share/texlive/2026/texmf-dist/tex/latex/amsfon
ts/amssymb.sty
Package: amssymb 2013/01/14 v3.01 AMS font symbols

(/data/data/com.termux/files/usr/share/texlive/2026/texmf-dist/tex/latex/amsfon
ts/amsfonts.sty
Package: amsfonts 2013/01/14 v3.01 Basic AMSFonts support
\symAMSa=\mathgroup4
\symAMSb=\mathgroup5
LaTeX Font Info:    Redeclaring math symbol \hbar on input line 98.
LaTeX Font Info:    Overwriting math alphabet `\mathfrak' in version `bold'
(Font)                  U/euf/m/n --> U/euf/b/n on input line 106.
))
(/data/data/com.termux/files/usr/share/texlive/2026/texmf-dist/tex/latex/enumit
em/enumitem.sty
Package: enumitem 2025/02/06 v3.11 Customized lists
\labelindent=\skip54
\enit@outerparindent=\dimen170
\enit@toks=\toks24
\enit@inbox=\box55
\enit@count@id=\count298
\enitdp@description=\count299
)
(/data/data/com.termux/files/usr/share/texlive/2026/texmf-dist/tex/latex/xcolor
/xcolor.sty
Package: xcolor 2024/09/29 v3.02 LaTeX color extensions (UK)

(/data/data/com.termux/files/usr/share/texlive/2026/texmf-dist/tex/latex/graphi
cs-cfg/color.cfg
File: color.cfg 2016/01/02 v1.6 sample color configuration
)
Package xcolor Info: Driver file: pdftex.def on input line 274.

(/data/data/com.termux/files/usr/share/texlive/2026/texmf-dist/tex/latex/graphi
cs/mathcolor.ltx)
Package xcolor Info: Model `cmy' substituted by `cmy0' on input line 1349.
Package xcolor Info: Model `hsb' substituted by `rgb' on input line 1353.
Package xcolor Info: Model `RGB' extended on input line 1365.
Package xcolor Info: Model `HTML' substituted by `rgb' on input line 1367.
Package xcolor Info: Model `Hsb' substituted by `hsb' on input line 1368.
Package xcolor Info: Model `tHsb' substituted by `hsb' on input line 1369.
Package xcolor Info: Model `HSB' substituted by `hsb' on input line 1370.
Package xcolor Info: Model `Gray' substituted by `gray' on input line 1371.
Package xcolor Info: Model `wave' substituted by `hsb' on input line 1372.
)
(/data/data/com.termux/files/usr/share/texlive/2026/texmf-dist/tex/latex/l3back
end/l3backend-pdftex.def
File: l3backend-pdftex.def 2026-02-18 L3 backend support: PDF output (pdfTeX)
\l__color_backend_stack_int=\count300
) (./task1.aux)
\openout1 = `task1.aux'.

LaTeX Font Info:    Checking defaults for OML/cmm/m/it on input line 9.
LaTeX Font Info:    ... okay on input line 9.
LaTeX Font Info:    Checking defaults for OMS/cmsy/m/n on input line 9.
LaTeX Font Info:    ... okay on input line 9.
LaTeX Font Info:    Checking defaults for OT1/cmr/m/n on input line 9.
LaTeX Font Info:    ... okay on input line 9.
LaTeX Font Info:    Checking defaults for T1/cmr/m/n on input line 9.
LaTeX Font Info:    ... okay on input line 9.
LaTeX Font Info:    Checking defaults for TS1/cmr/m/n on input line 9.
LaTeX Font Info:    ... okay on input line 9.
LaTeX Font Info:    Checking defaults for OMX/cmex/m/n on input line 9.
LaTeX Font Info:    ... okay on input line 9.
LaTeX Font Info:    Checking defaults for U/cmr/m/n on input line 9.
LaTeX Font Info:    ... okay on input line 9.

*geometry* driver: auto-detecting
*geometry* detected driver: pdftex
*geometry* verbose mode - [ preamble ] result:
* driver: pdftex
* paper: a4paper
* layout: <same size as paper>
* layoutoffset:(h,v)=(0.0pt,0.0pt)
* modes: 
* h-part:(L,W,R)=(72.26999pt, 452.9679pt, 72.26999pt)
* v-part:(T,H,B)=(72.26999pt, 700.50687pt, 72.26999pt)
* \paperwidth=597.50787pt
* \paperheight=845.04684pt
* \textwidth=452.9679pt
* \textheight=700.50687pt
* \oddsidemargin=0.0pt
* \evensidemargin=0.0pt
* \topmargin=-37.0pt
* \headheight=12.0pt
* \headsep=25.0pt
* \topskip=12.0pt
* \footskip=30.0pt
* \marginparwidth=35.0pt
* \marginparsep=10.0pt
* \columnsep=10.0pt
* \skip\footins=10.8pt plus 4.0pt minus 2.0pt
* \hoffset=0.0pt
* \voffset=0.0pt
* \mag=1000
* \@twocolumnfalse
* \@twosidefalse
* \@mparswitchfalse
* \@reversemarginfalse
* (1in=72.27pt=25.4mm, 1cm=28.453pt)


(/data/data/com.termux/files/usr/share/texlive/2026/texmf-dist/tex/context/base
/mkii/supp-pdf.mkii
[Loading MPS to PDF converter (version 2006.09.02).]
\scratchcounter=\count301
\scratchdimen=\dimen171
\scratchbox=\box56
\nofMPsegments=\count302
\nofMParguments=\count303
\everyMPshowfont=\toks25
\MPscratchCnt=\count304
\MPscratchDim=\dimen172
\MPnumerator=\count305
\makeMPintoPDFobject=\count306
\everyMPtoPDFconversion=\toks26
)
(/data/data/com.termux/files/usr/share/texlive/2026/texmf-dist/tex/latex/epstop
df-pkg/epstopdf-base.sty
Package: epstopdf-base 2020-01-24 v2.11 Base part for package epstopdf
Package epstopdf-base Info: Redefining graphics rule for `.eps' on input line 4
85.

(/data/data/com.termux/files/usr/share/texlive/2026/texmf-dist/tex/latex/latexc
onfig/epstopdf-sys.cfg
File: epstopdf-sys.cfg 2010/07/13 v1.3 Configuration of (r)epstopdf for TeX Liv
e
))
<IIITB LOGO.jpg, id=1, 1003.75pt x 315.1775pt>
File: IIITB LOGO.jpg Graphic file (type jpg)
<use IIITB LOGO.jpg>
Package pdftex.def Info: IIITB LOGO.jpg  used on input line 13.
(pdftex.def)             Requested size: 112.1094pt x 35.19864pt.
LaTeX Font Info:    Trying to load font information for U+msa on input line 14.


(/data/data/com.termux/files/usr/share/texlive/2026/texmf-dist/tex/latex/amsfon
ts/umsa.fd
File: umsa.fd 2013/01/14 v3.01 AMS symbols A
)
LaTeX Font Info:    Trying to load font information for U+msb on input line 14.


(/data/data/com.termux/files/usr/share/texlive/2026/texmf-dist/tex/latex/amsfon
ts/umsb.fd
File: umsb.fd 2013/01/14 v3.01 AMS symbols B
) [1

{/data/data/com.termux/files/usr/share/texlive/2026/texmf-var/fonts/map/pdftex/
updmap/pdftex.map} <./IIITB LOGO.jpg>] [2] [3] (./task1.aux)
 ***********
LaTeX2e <2025-11-01>
L3 programming layer <2026-03-20>
 ***********
 ) 
Here is how much of TeX's memory you used:
 3938 strings out of 467349
 59658 string characters out of 5401405
 482829 words of memory out of 5000000
 33002 multiletter control sequences out of 15000+600000
 634490 words of font info for 65 fonts, out of 8000000 for 9000
 1141 hyphenation exceptions out of 8191
 57i,7n,65p,298b,272s stack positions out of 10000i,1000n,20000p,200000b,200000s
</data/data/com.termux/files/usr/share/texlive/2026/texmf-dist/fonts/type1/pu
blic/amsfonts/cm/cmbx12.pfb></data/data/com.termux/files/usr/share/texlive/2026
/texmf-dist/fonts/type1/public/amsfonts/cm/cmex10.pfb></data/data/com.termux/fi
les/usr/share/texlive/2026/texmf-dist/fonts/type1/public/amsfonts/cm/cmmi12.pfb
></data/data/com.termux/files/usr/share/texlive/2026/texmf-dist/fonts/type1/pub
lic/amsfonts/cm/cmmi8.pfb></data/data/com.termux/files/usr/share/texlive/2026/t
exmf-dist/fonts/type1/public/amsfonts/cm/cmr12.pfb></data/data/com.termux/files
/usr/share/texlive/2026/texmf-dist/fonts/type1/public/amsfonts/cm/cmr17.pfb></d
ata/data/com.termux/files/usr/share/texlive/2026/texmf-dist/fonts/type1/public/
amsfonts/cm/cmr8.pfb></data/data/com.termux/files/usr/share/texlive/2026/texmf-
dist/fonts/type1/public/amsfonts/cm/cmsy10.pfb></data/data/com.termux/files/usr
/share/texlive/2026/texmf-dist/fonts/type1/public/amsfonts/cm/cmsy8.pfb>
Output written on task1.pdf (3 pages, 129309 bytes).
PDF statistics:
 60 PDF objects out of 1000 (max. 8388607)
 35 compressed objects within 1 object stream
 0 named destinations out of 1000 (max. 500000)
 6 words of extra memory for PDF output out of 10000 (max. 10000000)

